This file contains any messages produced by compilers while
running configure, to aid debugging if configure makes a mistake.

It was created by CLEED configure 2014-04-26 Development, which was
generated by GNU Autoconf 2.69.  Invocation command line was

  $ ./configure 

## --------- ##
## Platform. ##
## --------- ##

hostname = Liam-Worktop
uname -m = i686
uname -r = 1.7.28(0.271/5/3)
uname -s = CYGWIN_NT-6.1-WOW64
uname -v = 2014-02-09 21:06

/usr/bin/uname -p = unknown
/bin/uname -X     = unknown

/bin/arch              = i686
/usr/bin/arch -k       = unknown
/usr/convex/getsysinfo = unknown
/usr/bin/hostinfo      = unknown
/bin/machine           = unknown
/usr/bin/oslevel       = unknown
/bin/universe          = unknown

PATH: /usr/local/bin
PATH: /usr/bin
PATH: /cygdrive/c/Users/Liam/Dropbox/scripts
PATH: /cygdrive/c/Users/Liam/AMD APP SDK/2.9/bin/x86_64
PATH: /cygdrive/c/Users/Liam/AMD APP SDK/2.9/bin/x86
PATH: /cygdrive/c/Program Files (x86)/AMD APP SDK/2.9/bin/x86_64
PATH: /cygdrive/c/Program Files (x86)/AMD APP SDK/2.9/bin/x86
PATH: /cygdrive/c/Users/Liam/Dropbox/Windows Tweaks/CLEED_tools_win32/patt
PATH: /cygdrive/c/Python27/Lib/site-packages/PyQt4
PATH: /cygdrive/c/Program Files (x86)/ImageMagick-6.8.6-Q16
PATH: /cygdrive/c/program files (x86)/graphicsmagick-1.3.18-q8
PATH: /cygdrive/c/Program Files (x86)/Avogadro/bin
PATH: /cygdrive/c/GTK/bin
PATH: /cygdrive/c/Program Files (x86)/AMD APP/bin/x86_64
PATH: /cygdrive/c/Program Files (x86)/AMD APP/bin/x86
PATH: /cygdrive/c/Windows/system32
PATH: /cygdrive/c/Program Files/gs/gs9.06/bin
PATH: /cygdrive/c/Windows
PATH: /cygdrive/c/Windows/System32/Wbem
PATH: /cygdrive/c/Windows/System32/WindowsPowerShell/v1.0
PATH: /cygdrive/c/Program Files (x86)/ATI Technologies/ATI.ACE/Core-Static
PATH: /cygdrive/c/Program Files (x86)/Octave-3.6.2/bin
PATH: /cygdrive/c/Program Files/Intel/WiFi/bin
PATH: /cygdrive/c/Program Files/Common Files/Intel/WirelessCommon
PATH: /cygdrive/c/Program Files (x86)/Java/jre7/bin
PATH: /cygdrive/c/Program Files (x86)/Microsoft SQL Server/90/Tools/binn
PATH: /cygdrive/c/Program Files (x86)/PDF Labs/PDFtk Server/bin
PATH: /cygdrive/c/Program Files (x86)/CMake 2.8/bin
PATH: /cygdrive/c/Program Files (x86)/QuickTime/QTSystem
PATH: /cygdrive/c/Program Files (x86)/MiKTeX 2.9/miktex/bin
PATH: /cygdrive/c/Python27
PATH: /cygdrive/c/Python27/DLLs
PATH: /cygdrive/c/Python27/Scripts
PATH: /cygdrive/c/Python27/Lib/site-packages/vtk
PATH: /cygdrive/c/Python27/gnuplot/binary
PATH: /cygdrive/c/Program Files (x86)/pythonxy/SciTE-3.3.2-3
PATH: /cygdrive/c/Program Files (x86)/pythonxy/console
PATH: /cygdrive/c/MinGW32-xy/bin
PATH: /cygdrive/c/Program Files (x86)/pythonxy/swig
PATH: /cygdrive/c/Program Files (x86)/pythonxy/gettext/bin
PATH: /cygdrive/c/Program Files (x86)/Windows Kits/8.1/Windows Performance Toolkit
PATH: /cygdrive/c/Program Files/Microsoft SQL Server/110/Tools/Binn
PATH: /cygdrive/c/Program Files/CLEED
PATH: /cygdrive/c/Users/Liam/Dropbox/Windows Tweaks/CLEED_tools_win32/patt
PATH: /cygdrive/c/Python27/Lib/site-packages/PyQt4
PATH: /cygdrive/c/Program Files (x86)/Avogadro/bin
PATH: /cygdrive/c/GTK/bin
PATH: /cygdrive/c/Program Files (x86)/AMD APP/bin/x86_64
PATH: /cygdrive/c/Program Files (x86)/AMD APP/bin/x86
PATH: /cygdrive/c/Windows/system32
PATH: /cygdrive/c/Windows
PATH: /cygdrive/c/Windows/System32/Wbem
PATH: /cygdrive/c/Windows/System32/WindowsPowerShell/v1.0
PATH: /cygdrive/c/Program Files (x86)/ATI Technologies/ATI.ACE/Core-Static
PATH: /cygdrive/c/Program Files (x86)/Octave-3.6.2/bin
PATH: /cygdrive/c/Program Files/Intel/WiFi/bin
PATH: /cygdrive/c/Program Files/Common Files/Intel/WirelessCommon
PATH: /cygdrive/c/Program Files (x86)/Java/jre7/bin
PATH: /cygdrive/c/Program Files (x86)/Microsoft SQL Server/90/Tools/binn
PATH: /cygdrive/c/Program Files (x86)/PDF Labs/PDFtk Server/bin
PATH: /cygdrive/c/Program Files (x86)/CMake 2.8/bin
PATH: /cygdrive/c/Program Files (x86)/QuickTime/QTSystem
PATH: /cygdrive/c/Program Files (x86)/MiKTeX 2.9/miktex/bin
PATH: /cygdrive/c/Python27
PATH: /cygdrive/c/Python27/DLLs
PATH: /cygdrive/c/Python27/Scripts
PATH: /cygdrive/c/Python27/Lib/site-packages/vtk
PATH: /cygdrive/c/Python27/gnuplot/binary
PATH: /cygdrive/c/Program Files (x86)/pythonxy/SciTE-3.3.2-3
PATH: /cygdrive/c/Program Files (x86)/pythonxy/console
PATH: /cygdrive/c/MinGW32-xy/bin
PATH: /cygdrive/c/Program Files (x86)/pythonxy/swig
PATH: /cygdrive/c/Program Files (x86)/pythonxy/gettext/bin
PATH: /cygdrive/c/Program Files (x86)/Windows Kits/8.1/Windows Performance Toolkit
PATH: /cygdrive/c/Program Files/Microsoft SQL Server/110/Tools/Binn
PATH: /cygdrive/c/Program Files/CLEED" /f
PATH: /usr/lib/lapack
PATH: /usr/openwin/bin


## ----------- ##
## Core tests. ##
## ----------- ##

configure:2526: error: cannot find install-sh, install.sh, or shtool in config "."/config

## ---------------- ##
## Cache variables. ##
## ---------------- ##

ac_cv_env_CCC_set=
ac_cv_env_CCC_value=
ac_cv_env_CC_set=set
ac_cv_env_CC_value=gcc
ac_cv_env_CFLAGS_set=set
ac_cv_env_CFLAGS_value='-Wall -O2 -mtune=native'
ac_cv_env_CPPFLAGS_set=
ac_cv_env_CPPFLAGS_value=
ac_cv_env_CPP_set=
ac_cv_env_CPP_value=
ac_cv_env_CXXCPP_set=
ac_cv_env_CXXCPP_value=
ac_cv_env_CXXFLAGS_set=
ac_cv_env_CXXFLAGS_value=
ac_cv_env_CXX_set=set
ac_cv_env_CXX_value=g++
ac_cv_env_LDFLAGS_set=
ac_cv_env_LDFLAGS_value=
ac_cv_env_LIBS_set=
ac_cv_env_LIBS_value=
ac_cv_env_build_alias_set=
ac_cv_env_build_alias_value=
ac_cv_env_host_alias_set=
ac_cv_env_host_alias_value=
ac_cv_env_target_alias_set=
ac_cv_env_target_alias_value=

## ----------------- ##
## Output variables. ##
## ----------------- ##

ACLOCAL=''
AMDEPBACKSLASH=''
AMDEP_FALSE=''
AMDEP_TRUE=''
AMTAR=''
AM_BACKSLASH=''
AM_DEFAULT_V=''
AM_DEFAULT_VERBOSITY=''
AM_V=''
AUTOCONF=''
AUTOHEADER=''
AUTOMAKE=''
AWK=''
CC='gcc'
CCDEPMODE=''
CFLAGS='-Wall -O2 -mtune=native'
CPP=''
CPPFLAGS=''
CXX='g++'
CXXCPP=''
CXXDEPMODE=''
CXXFLAGS=''
CYGPATH_W=''
DEFS=''
DEPDIR=''
ECHO_C=''
ECHO_N='-n'
ECHO_T=''
EGREP=''
EXEEXT=''
GREP=''
INSTALL_DATA=''
INSTALL_PROGRAM=''
INSTALL_SCRIPT=''
INSTALL_STRIP_PROGRAM=''
LDFLAGS=''
LIBOBJS=''
LIBS=''
LN_S=''
LTLIBOBJS=''
MAKEINFO=''
MKDIR_P=''
OBJEXT=''
OPENCL_DIR=''
OPENCL_LT=''
PACKAGE=''
PACKAGE_BUGREPORT='liam.m.deacon@gmail.com'
PACKAGE_NAME='CLEED'
PACKAGE_STRING='CLEED 2014-04-26 Development'
PACKAGE_TARNAME='cleed'
PACKAGE_URL=''
PACKAGE_VERSION='2014-04-26 Development'
PATH_SEPARATOR=':'
RANLIB=''
SET_MAKE=''
SHELL='/bin/sh'
STRIP=''
VERSION=''
ac_ct_CC=''
ac_ct_CXX=''
am__EXEEXT_FALSE=''
am__EXEEXT_TRUE=''
am__fastdepCC_FALSE=''
am__fastdepCC_TRUE=''
am__fastdepCXX_FALSE=''
am__fastdepCXX_TRUE=''
am__include=''
am__isrc=''
am__leading_dot=''
am__nodep=''
am__quote=''
am__tar=''
am__untar=''
bindir='${exec_prefix}/bin'
build=''
build_alias=''
build_cpu=''
build_os=''
build_vendor=''
datadir='${datarootdir}'
datarootdir='${prefix}/share'
docdir='${datarootdir}/doc/${PACKAGE_TARNAME}'
dvidir='${docdir}'
exec_prefix='NONE'
host=''
host_alias=''
host_cpu=''
host_os=''
host_vendor=''
htmldir='${docdir}'
includedir='${prefix}/include'
infodir='${datarootdir}/info'
install_sh=''
libdir='${exec_prefix}/lib'
libexecdir='${exec_prefix}/libexec'
localedir='${datarootdir}/locale'
localstatedir='${prefix}/var'
mandir='${datarootdir}/man'
mkdir_p=''
oldincludedir='/usr/include'
pdfdir='${docdir}'
prefix='NONE'
program_transform_name='s,x,x,'
psdir='${docdir}'
sbindir='${exec_prefix}/sbin'
sharedstatedir='${prefix}/com'
sysconfdir='${prefix}/etc'
target=''
target_alias=''
target_cpu=''
target_os=''
target_vendor=''

## ----------- ##
## confdefs.h. ##
## ----------- ##

/* confdefs.h */
#define PACKAGE_NAME "CLEED"
#define PACKAGE_TARNAME "cleed"
#define PACKAGE_VERSION "2014-04-26 Development"
#define PACKAGE_STRING "CLEED 2014-04-26 Development"
#define PACKAGE_BUGREPORT "liam.m.deacon@gmail.com"
#define PACKAGE_URL ""

configure: exit 1
